<?xml version="1.0" encoding="UTF-8"?>
<testng-results ignored="0" total="1" passed="1" failed="0" skipped="0">
  <reporter-output>
  </reporter-output>
  <suite started-at="2025-01-30T18:34:09 IST" name="Suite" finished-at="2025-01-30T18:34:24 IST" duration-ms="14552">
    <groups>
    </groups>
    <test started-at="2025-01-30T18:34:09 IST" name="Test" finished-at="2025-01-30T18:34:24 IST" duration-ms="14552">
      <class name="testCasesExecution.TC003">
        <test-method is-config="true" signature="bs()[pri:0, instance:testCasesExecution.TC003@689604d9]" started-at="2025-01-30T18:34:09 IST" name="bs" finished-at="2025-01-30T18:34:09 IST" duration-ms="12" status="PASS">
          <reporter-output>
          </reporter-output>
        </test-method> <!-- bs -->
        <test-method is-config="true" signature="bt()[pri:0, instance:testCasesExecution.TC003@689604d9]" started-at="2025-01-30T18:34:09 IST" name="bt" finished-at="2025-01-30T18:34:09 IST" duration-ms="1" status="PASS">
          <reporter-output>
          </reporter-output>
        </test-method> <!-- bt -->
        <test-method is-config="true" signature="bc()[pri:0, instance:testCasesExecution.TC003@689604d9]" started-at="2025-01-30T18:34:09 IST" name="bc" finished-at="2025-01-30T18:34:09 IST" duration-ms="1" status="PASS">
          <reporter-output>
          </reporter-output>
        </test-method> <!-- bc -->
        <test-method is-config="true" signature="bm()[pri:0, instance:testCasesExecution.TC003@689604d9]" started-at="2025-01-30T18:34:09 IST" name="bm" finished-at="2025-01-30T18:34:13 IST" duration-ms="3672" status="PASS">
          <reporter-output>
          </reporter-output>
        </test-method> <!-- bm -->
        <test-method signature="verifyLoginwithInvalidCredentials()[pri:0, instance:testCasesExecution.TC003@689604d9]" started-at="2025-01-30T18:34:13 IST" name="verifyLoginwithInvalidCredentials" finished-at="2025-01-30T18:34:24 IST" duration-ms="10713" status="PASS">
          <reporter-output>
          </reporter-output>
        </test-method> <!-- verifyLoginwithInvalidCredentials -->
        <test-method is-config="true" signature="am()[pri:0, instance:testCasesExecution.TC003@689604d9]" started-at="2025-01-30T18:34:24 IST" name="am" finished-at="2025-01-30T18:34:24 IST" duration-ms="125" status="PASS">
          <reporter-output>
          </reporter-output>
        </test-method> <!-- am -->
        <test-method is-config="true" signature="ac()[pri:0, instance:testCasesExecution.TC003@689604d9]" started-at="2025-01-30T18:34:24 IST" name="ac" finished-at="2025-01-30T18:34:24 IST" duration-ms="1" status="PASS">
          <reporter-output>
          </reporter-output>
        </test-method> <!-- ac -->
        <test-method is-config="true" signature="at()[pri:0, instance:testCasesExecution.TC003@689604d9]" started-at="2025-01-30T18:34:24 IST" name="at" finished-at="2025-01-30T18:34:24 IST" duration-ms="0" status="PASS">
          <reporter-output>
          </reporter-output>
        </test-method> <!-- at -->
        <test-method is-config="true" signature="as()[pri:0, instance:testCasesExecution.TC003@689604d9]" started-at="2025-01-30T18:34:24 IST" name="as" finished-at="2025-01-30T18:34:24 IST" duration-ms="1" status="PASS">
          <reporter-output>
          </reporter-output>
        </test-method> <!-- as -->
      </class> <!-- testCasesExecution.TC003 -->
    </test> <!-- Test -->
  </suite> <!-- Suite -->
</testng-results>
