<?xml version="1.0" encoding="UTF-8"?>
<testng-results ignored="0" total="1" passed="1" failed="0" skipped="0">
  <reporter-output>
  </reporter-output>
  <suite started-at="2025-01-08T12:14:32 IST" name="Suite" finished-at="2025-01-08T12:15:02 IST" duration-ms="30036">
    <groups>
    </groups>
    <test started-at="2025-01-08T12:14:32 IST" name="Test" finished-at="2025-01-08T12:15:02 IST" duration-ms="30036">
      <class name="test_case.HRM001">
        <test-method is-config="true" signature="bs()[pri:0, instance:test_case.HRM001@131774fe]" started-at="2025-01-08T12:14:32 IST" name="bs" finished-at="2025-01-08T12:14:32 IST" duration-ms="9" status="PASS">
          <reporter-output>
          </reporter-output>
        </test-method> <!-- bs -->
        <test-method is-config="true" signature="bt()[pri:0, instance:test_case.HRM001@131774fe]" started-at="2025-01-08T12:14:32 IST" name="bt" finished-at="2025-01-08T12:14:32 IST" duration-ms="1" status="PASS">
          <reporter-output>
          </reporter-output>
        </test-method> <!-- bt -->
        <test-method is-config="true" signature="bc()[pri:0, instance:test_case.HRM001@131774fe]" started-at="2025-01-08T12:14:32 IST" name="bc" finished-at="2025-01-08T12:14:32 IST" duration-ms="0" status="PASS">
          <reporter-output>
          </reporter-output>
        </test-method> <!-- bc -->
        <test-method is-config="true" signature="bm()[pri:0, instance:test_case.HRM001@131774fe]" started-at="2025-01-08T12:14:32 IST" name="bm" finished-at="2025-01-08T12:14:42 IST" duration-ms="10089" status="PASS">
          <reporter-output>
          </reporter-output>
        </test-method> <!-- bm -->
        <test-method signature="Script001()[pri:0, instance:test_case.HRM001@131774fe]" started-at="2025-01-08T12:14:42 IST" name="Script001" finished-at="2025-01-08T12:15:02 IST" duration-ms="19684" status="PASS">
          <reporter-output>
          </reporter-output>
        </test-method> <!-- Script001 -->
        <test-method is-config="true" signature="am()[pri:0, instance:test_case.HRM001@131774fe]" started-at="2025-01-08T12:15:02 IST" name="am" finished-at="2025-01-08T12:15:02 IST" duration-ms="225" status="PASS">
          <reporter-output>
          </reporter-output>
        </test-method> <!-- am -->
        <test-method is-config="true" signature="ac()[pri:0, instance:test_case.HRM001@131774fe]" started-at="2025-01-08T12:15:02 IST" name="ac" finished-at="2025-01-08T12:15:02 IST" duration-ms="0" status="PASS">
          <reporter-output>
          </reporter-output>
        </test-method> <!-- ac -->
        <test-method is-config="true" signature="at()[pri:0, instance:test_case.HRM001@131774fe]" started-at="2025-01-08T12:15:02 IST" name="at" finished-at="2025-01-08T12:15:02 IST" duration-ms="1" status="PASS">
          <reporter-output>
          </reporter-output>
        </test-method> <!-- at -->
        <test-method is-config="true" signature="as()[pri:0, instance:test_case.HRM001@131774fe]" started-at="2025-01-08T12:15:02 IST" name="as" finished-at="2025-01-08T12:15:02 IST" duration-ms="1" status="PASS">
          <reporter-output>
          </reporter-output>
        </test-method> <!-- as -->
      </class> <!-- test_case.HRM001 -->
    </test> <!-- Test -->
  </suite> <!-- Suite -->
</testng-results>
